[32m[0224 12:25:35 @logger.py:87][0m Argv: /root/Faster-RCNN/train.py --config MODE_MASK=True MODE_FPN=True DATA.BASEDIR=/root/datasets/COCO/DIR BACKBONE.WEIGHTS=/root/datasets/ImageNet-R50-AlignPadding.npz TRAIN.LR_SCHEDULE=[150000,230000,280000]
[32m[0224 12:25:35 @config.py:262][0m Config: ------------------------------------------
{'BACKBONE': {'FREEZE_AFFINE': False,
              'FREEZE_AT': 2,
              'NORM': 'FreezeBN',
              'RESNET_NUM_BLOCKS': [3, 4, 6, 3],
              'STRIDE_1X1': False,
              'TF_PAD_MODE': False,
              'WEIGHTS': '/root/datasets/ImageNet-R50-AlignPadding.npz'},
 'CASCADE': {'BBOX_REG_WEIGHTS': [[10.0, 10.0, 5.0, 5.0],
                                  [20.0, 20.0, 10.0, 10.0],
                                  [30.0, 30.0, 15.0, 15.0]],
             'IOUS': [0.5, 0.6, 0.7]},
 'DATA': {'BASEDIR': '/root/datasets/COCO/DIR',
          'CLASS_NAMES': [],
          'NUM_CATEGORY': 80,
          'NUM_CLASS': 81,
          'TRAIN': ['train2014', 'valminusminival2014'],
          'VAL': 'minival2014'},
 'FPN': {'ANCHOR_STRIDES': (4, 8, 16, 32, 64),
         'CASCADE': False,
         'FRCNN_CONV_HEAD_DIM': 256,
         'FRCNN_FC_HEAD_DIM': 1024,
         'FRCNN_HEAD_FUNC': 'fastrcnn_2fc_head',
         'MRCNN_HEAD_FUNC': 'maskrcnn_up4conv_head',
         'NORM': 'None',
         'NUM_CHANNEL': 256,
         'PROPOSAL_MODE': 'Level',
         'RESOLUTION_REQUIREMENT': 32},
 'FRCNN': {'BATCH_PER_IM': 128,
           'BBOX_REG_WEIGHTS': [10.0, 10.0, 5.0, 5.0],
           'FG_RATIO': 0.25,
           'FG_THRESH': 0.5},
 'MODE_FPN': True,
 'MODE_MASK': True,
 'MRCNN': {'HEAD_DIM': 256},
 'PREPROC': {'MAX_SIZE': 1344.0,
             'PIXEL_MEAN': [123.675, 116.28, 103.53],
             'PIXEL_STD': [58.395, 57.12, 57.375],
             'TEST_SHORT_EDGE_SIZE': 800,
             'TRAIN_SHORT_EDGE_SIZE': [800, 800]},
 'RPN': {'ANCHOR_RATIOS': (0.5, 1.0, 2.0),
         'ANCHOR_SIZES': (32, 64, 128, 256, 512),
         'ANCHOR_STRIDE': 16,
         'BATCH_PER_IM': 128,
         'CROWD_OVERLAP_THRESH': 9.99,
         'FG_RATIO': 0.5,
         'HEAD_DIM': 1024,
         'MIN_SIZE': 0,
         'NEGATIVE_ANCHOR_THRESH': 0.3,
         'NUM_ANCHOR': 15,
         'POSITIVE_ANCHOR_THRESH': 0.7,
         'PROPOSAL_NMS_THRESH': 0.7,
         'TEST_PER_LEVEL_NMS_TOPK': 1000,
         'TEST_POST_NMS_TOPK': 1000,
         'TEST_PRE_NMS_TOPK': 6000,
         'TRAIN_PER_LEVEL_NMS_TOPK': 2000,
         'TRAIN_POST_NMS_TOPK': 2000,
         'TRAIN_PRE_NMS_TOPK': 12000},
 'TEST': {'FRCNN_NMS_THRESH': 0.5,
          'RESULTS_PER_IM': 100,
          'RESULT_SCORE_THRESH': 0.05,
          'RESULT_SCORE_THRESH_VIS': 0.3},
 'TRAIN': {'BASE_LR': 0.01,
           'EVAL_PERIOD': 25,
           'LR_SCHEDULE': [150000, 230000, 280000],
           'NUM_GPUS': 1,
           'STEPS_PER_EPOCH': 500,
           'WARMUP': 1000,
           'WEIGHT_DECAY': 0.0001},
 'TRAINER': 'replicated'}
[32m[0224 12:25:35 @train.py:569][0m Warm Up Schedule (steps, value): [(0, 0.0033000000000000004), (1000, 0.01)]
[32m[0224 12:25:35 @train.py:570][0m LR Schedule (epochs, value): [(2, 0.01), (2400.0, 0.001), (3680.0, 0.00010000000000000002)]
